<?xml version="1.0" encoding="UTF-8"?>
<!-- Generated by org.testng.reporters.JUnitReportReporter -->
<testsuite skipped="0" hostname="MittalComputer" name="com.test.TestNgBasics" tests="3" failures="0" timestamp="2020-06-04T13:50:53 EDT" time="0.007" errors="0">
  <testcase name="searchTest" time="0.001" classname="com.test.TestNgBasics"/>
  <system-out/>
  <testcase name="googleTitle" time="0.005" classname="com.test.TestNgBasics"/>
  <system-out/>
  <testcase name="googlelogoTest" time="0.001" classname="com.test.TestNgBasics"/>
  <system-out/>
</testsuite> <!-- com.test.TestNgBasics -->
