<?xml version="1.0" encoding="UTF-8"?>
<!-- Generated by org.testng.reporters.JUnitReportReporter -->
<testsuite skipped="0" hostname="MittalComputer" name="com.test.TestNgFeatures" tests="4" failures="0" timestamp="2020-06-09T15:40:05 EDT" time="0.009" errors="0">
  <testcase name="loginTest" time="0.007" classname="com.test.TestNgFeatures"/>
  <system-out/>
  <testcase name="RegpageTest" time="0.000" classname="com.test.TestNgFeatures"/>
  <system-out/>
  <testcase name="homePageTest" time="0.001" classname="com.test.TestNgFeatures"/>
  <system-out/>
  <testcase name="searchTest" time="0.001" classname="com.test.TestNgFeatures"/>
  <system-out/>
</testsuite> <!-- com.test.TestNgFeatures -->
