<?xml version="1.0" encoding="UTF-8"?>
<!-- Generated by org.testng.reporters.JUnitReportReporter -->
<testsuite skipped="0" hostname="MittalComputer" name="com.perameters.PerameterTest" tests="1" failures="0" timestamp="2020-08-26T22:50:22 EDT" time="4.815" errors="0">
  <testcase name="yahooLoginTest" time="4.815" classname="com.perameters.PerameterTest"/>
  <system-out/>
</testsuite> <!-- com.perameters.PerameterTest -->
