<?xml version="1.0" encoding="UTF-8"?>
<!-- Generated by org.testng.reporters.JUnitReportReporter -->
<testsuite skipped="0" hostname="MittalComputer" name="com.test.GoogleTitleTest" tests="4" failures="0" timestamp="2020-09-08T16:37:17 EDT" time="30.605" errors="0">
  <testcase name="test1" time="8.117" classname="com.test.GoogleTitleTest"/>
  <system-out/>
  <testcase name="test2" time="7.095" classname="com.test.GoogleTitleTest"/>
  <system-out/>
  <testcase name="test3" time="7.690" classname="com.test.GoogleTitleTest"/>
  <system-out/>
  <testcase name="googleTitleTest" time="7.703" classname="com.test.GoogleTitleTest"/>
  <system-out/>
</testsuite> <!-- com.test.GoogleTitleTest -->
