<?xml version="1.0" encoding="UTF-8"?>
<!-- Generated by org.testng.reporters.JUnitReportReporter -->
<testsuite skipped="0" hostname="MittalComputer" name="com.test.Practice" tests="3" failures="0" timestamp="2020-09-08T16:39:30 EDT" time="29.580" errors="0">
  <testcase name="test2" time="9.706" classname="com.test.Practice"/>
  <system-out/>
  <testcase name="test1" time="9.776" classname="com.test.Practice"/>
  <system-out/>
  <testcase name="test3" time="10.098" classname="com.test.Practice"/>
  <system-out/>
</testsuite> <!-- com.test.Practice -->
