<?xml version="1.0" encoding="UTF-8"?>
<!-- Generated by org.testng.reporters.JUnitReportReporter -->
<testsuite skipped="0" hostname="MittalComputer" name="com.test.TestNGMultiBrowserDemo" tests="3" failures="0" timestamp="2020-10-02T15:57:40 EDT" time="29.934" errors="0">
  <testcase name="googleTitleTest" time="8.177" classname="com.test.TestNGMultiBrowserDemo"/>
  <system-out/>
  <testcase name="googleTitleTest" time="10.863" classname="com.test.TestNGMultiBrowserDemo"/>
  <system-out/>
  <testcase name="googleTitleTest" time="10.894" classname="com.test.TestNGMultiBrowserDemo"/>
  <system-out/>
</testsuite> <!-- com.test.TestNGMultiBrowserDemo -->
