<?xml version="1.0" encoding="UTF-8"?>
<!-- Generated by org.testng.reporters.JUnitReportReporter -->
<testsuite skipped="0" hostname="MittalComputer" name="com.test.InvocationCountTest" tests="10" failures="0" timestamp="2020-06-09T15:57:09 EDT" time="0.018" errors="0">
  <testcase name="sum" time="0.002" classname="com.test.InvocationCountTest"/>
  <system-out/>
  <testcase name="sum" time="0.009" classname="com.test.InvocationCountTest"/>
  <system-out/>
  <testcase name="sum" time="0.000" classname="com.test.InvocationCountTest"/>
  <system-out/>
  <testcase name="sum" time="0.001" classname="com.test.InvocationCountTest"/>
  <system-out/>
  <testcase name="sum" time="0.001" classname="com.test.InvocationCountTest"/>
  <system-out/>
  <testcase name="sum" time="0.001" classname="com.test.InvocationCountTest"/>
  <system-out/>
  <testcase name="sum" time="0.001" classname="com.test.InvocationCountTest"/>
  <system-out/>
  <testcase name="sum" time="0.001" classname="com.test.InvocationCountTest"/>
  <system-out/>
  <testcase name="sum" time="0.001" classname="com.test.InvocationCountTest"/>
  <system-out/>
  <testcase name="sum" time="0.001" classname="com.test.InvocationCountTest"/>
  <system-out/>
</testsuite> <!-- com.test.InvocationCountTest -->
